This is XeTeX, Version 3.141592653-2.6-0.999993 (TeX Live 2021) (preloaded format=xetex 2021.4.17)  6 JUN 2021 10:13
entering extended mode
 restricted \write18 enabled.
 file:line:error style messages enabled.
 %&-line parsing enabled.
**law-brief-fonts.tex
(./law-brief-fonts.tex
\Tight=\XeTeXcharclass4
\Dashes=\XeTeXcharclass5

./law-brief-fonts.tex:6: Undefined control sequence.
l.6 ...chartoks\Dashes 0={\kern0.125em}\usepackage
                                                  {fontspec}
The control sequence at the end of the top line
of your error message was never \def'ed. If you have
misspelled it (e.g., `\hobx'), type `I' and the correct
spelling (e.g., `I\hbox'). Otherwise just continue,
and I'll forget about whatever was undefined.

./law-brief-fonts.tex:7: Undefined control sequence.
l.7 \usepackage
               {xpatch}
The control sequence at the end of the top line
of your error message was never \def'ed. If you have
misspelled it (e.g., `\hobx'), type `I' and the correct
spelling (e.g., `I\hbox'). Otherwise just continue,
and I'll forget about whatever was undefined.

./law-brief-fonts.tex:8: Undefined control sequence.
l.8 \setromanfont
                 [RawFeature={+liga,+dlig}, ItalicFont={TeXGyreScholaX-Itali...
The control sequence at the end of the top line
of your error message was never \def'ed. If you have
misspelled it (e.g., `\hobx'), type `I' and the correct
spelling (e.g., `I\hbox'). Otherwise just continue,
and I'll forget about whatever was undefined.

./law-brief-fonts.tex:16: Undefined control sequence.
l.16 \newfontface
                 \lm[SmallCapsFont={Latin Modern Roman Caps 10 Regular},  Sm...
The control sequence at the end of the top line
of your error message was never \def'ed. If you have
misspelled it (e.g., `\hobx'), type `I' and the correct
spelling (e.g., `I\hbox'). Otherwise just continue,
and I'll forget about whatever was undefined.

./law-brief-fonts.tex:16: Undefined control sequence.
l.16 \newfontface\lm
                    [SmallCapsFont={Latin Modern Roman Caps 10 Regular},  Sm...
The control sequence at the end of the top line
of your error message was never \def'ed. If you have
misspelled it (e.g., `\hobx'), type `I' and the correct
spelling (e.g., `I\hbox'). Otherwise just continue,
and I'll forget about whatever was undefined.

./law-brief-fonts.tex:21: Undefined control sequence.
l.21  \usepackage
                 {graphicx}
The control sequence at the end of the top line
of your error message was never \def'ed. If you have
misspelled it (e.g., `\hobx'), type `I' and the correct
spelling (e.g., `I\hbox'). Otherwise just continue,
and I'll forget about whatever was undefined.


Overfull \hbox (113.52388pt too wide) in paragraph at lines 6--22
[]\tenrm fontspec xpatch [RawFea-ture=+liga,+dlig, ItalicFont=TeXGyreScholaX-Italic,ItalicFeatures= SmallCapsFont=TeXGyreScholaX-|

\hbox(7.5+2.5)x469.75499, glue set - 1.0
.\hbox(0.0+0.0)x20.0
.\tenrm f
.\tenrm o
.\tenrm n
.\kern-0.27779
.etc.


Overfull \hbox (130.74619pt too wide) in paragraph at lines 6--22
\tenrm Italic, Small-Caps-Fea-tures=LetterSpace= 10, RawFea-ture=+smcp, , BoldFont=TeXGyreScholaX-Bold, SmallCapsFont=TeXGyreScholaX-|

\hbox(6.94444+1.94444)x469.75499, glue set - 1.0
.\tenrm I
.\tenrm t
.\tenrm a
.\tenrm l
.\tenrm i
.etc.


Overfull \hbox (2.48198pt too wide) in paragraph at lines 6--22
\tenrm Regular, Small-Caps-Fea-tures=LetterSpace= 10, RawFea-ture=+smcp, ]TeXGyreScholaX-Regular [Small-Caps-|

\hbox(7.5+2.5)x469.75499, glue set - 1.0
.\tenrm R
.\tenrm e
.\tenrm g
.\tenrm u
.\tenrm l
.etc.

./law-brief-fonts.tex:26: Undefined control sequence.
l.26 \xapptocmd
               {\scshape}
The control sequence at the end of the top line
of your error message was never \def'ed. If you have
misspelled it (e.g., `\hobx'), type `I' and the correct
spelling (e.g., `I\hbox'). Otherwise just continue,
and I'll forget about whatever was undefined.

./law-brief-fonts.tex:26: Undefined control sequence.
l.26 \xapptocmd{\scshape
                        }
The control sequence at the end of the top line
of your error message was never \def'ed. If you have
misspelled it (e.g., `\hobx'), type `I' and the correct
spelling (e.g., `I\hbox'). Otherwise just continue,
and I'll forget about whatever was undefined.

)
! Emergency stop.
<*> law-brief-fonts.tex
                       
*** (job aborted, no legal \end found)

No pages of output.
